<?xml version="1.0" encoding="UTF-8"?>
<!-- Generated by org.testng.reporters.JUnitXMLReporter -->
<testsuite ignored="0" hostname="DESKTOP-P1S80C2" failures="1" tests="1" name="Test" time="23.448" errors="0" timestamp="2022-11-29T19:10:02 IST">
  <testcase classname="com.community.tests.LoginTest" name="login" time="9.931">
    <failure type="java.lang.AssertionError" message="
expected: &amp;quot;Home - Cisco Community&amp;quot;
 but was: &amp;quot;Login to Cisco Community - Cisco Community&amp;quot;">
      <![CDATA[java.lang.AssertionError: 
expected: "Home - Cisco Community"
 but was: "Login to Cisco Community - Cisco Community"
at com.community.tests.LoginTest.login(LoginTest.java:21)
at java.base/java.util.concurrent.ThreadPoolExecutor.runWorker(ThreadPoolExecutor.java:1144)
at java.base/java.util.concurrent.ThreadPoolExecutor$Worker.run(ThreadPoolExecutor.java:642)
at java.base/java.lang.Thread.run(Thread.java:1589)
... Removed 10 stack frames]]>
    </failure>
  </testcase> <!-- login -->
</testsuite> <!-- Test -->
