<?xml version="1.0" encoding="UTF-8"?>
<testng-results ignored="0" total="1" passed="1" failed="0" skipped="0">
  <reporter-output>
  </reporter-output>
  <suite started-at="2022-12-06T19:52:01 IST" name="Suite" finished-at="2022-12-06T19:53:19 IST" duration-ms="77375">
    <groups>
    </groups>
    <test started-at="2022-12-06T19:52:01 IST" name="Test" finished-at="2022-12-06T19:53:19 IST" duration-ms="77375">
      <class name="com.community.tests.CommunityconversationTest">
        <test-method is-config="true" signature="setUp()[pri:0, instance:com.community.tests.CommunityconversationTest@c33b74f]" started-at="2022-12-06T19:52:02 IST" name="setUp" finished-at="2022-12-06T19:52:17 IST" duration-ms="15012" status="PASS">
          <reporter-output>
          </reporter-output>
        </test-method> <!-- setUp -->
        <test-method signature="startConversation(java.util.Map)[pri:0, instance:com.community.tests.CommunityconversationTest@c33b74f]" started-at="2022-12-06T19:52:17 IST" name="startConversation" data-provider="getData" finished-at="2022-12-06T19:53:17 IST" duration-ms="60572" status="PASS">
          <params>
            <param index="0">
              <value>
                <![CDATA[{communityheader=Technology and Support, subheader=Networking, discussionForum=Network Management, description=this is a test description, Resources=, testname=startConversation, title=testdiscussion, execute=yes}]]>
              </value>
            </param>
          </params>
          <reporter-output>
          </reporter-output>
        </test-method> <!-- startConversation -->
        <test-method is-config="true" signature="teardown()[pri:0, instance:com.community.tests.CommunityconversationTest@c33b74f]" started-at="2022-12-06T19:53:18 IST" name="teardown" finished-at="2022-12-06T19:53:19 IST" duration-ms="1044" status="PASS">
          <reporter-output>
          </reporter-output>
        </test-method> <!-- teardown -->
      </class> <!-- com.community.tests.CommunityconversationTest -->
    </test> <!-- Test -->
  </suite> <!-- Suite -->
</testng-results>
