<?xml version="1.0" encoding="UTF-8"?>
<testng-results ignored="0" total="2" passed="2" failed="0" skipped="0">
  <reporter-output>
  </reporter-output>
  <suite started-at="2022-11-23T12:28:29 IST" name="Default suite" finished-at="2022-11-23T12:28:54 IST" duration-ms="24352">
    <groups>
    </groups>
    <test started-at="2022-11-23T12:28:29 IST" name="Default test" finished-at="2022-11-23T12:28:54 IST" duration-ms="24352">
      <class name="com.community.tests.LoginTest">
        <test-method is-config="true" signature="setUp()[pri:0, instance:com.community.tests.LoginTest@c333c60]" started-at="2022-11-23T12:28:30 IST" name="setUp" finished-at="2022-11-23T12:28:39 IST" duration-ms="9334" status="PASS">
          <reporter-output>
          </reporter-output>
        </test-method> <!-- setUp -->
        <test-method signature="login()[pri:0, instance:com.community.tests.LoginTest@c333c60]" started-at="2022-11-23T12:28:39 IST" name="login" finished-at="2022-11-23T12:28:39 IST" duration-ms="220" status="PASS">
          <reporter-output>
          </reporter-output>
        </test-method> <!-- login -->
        <test-method is-config="true" signature="teardown()[pri:0, instance:com.community.tests.LoginTest@c333c60]" started-at="2022-11-23T12:28:39 IST" name="teardown" finished-at="2022-11-23T12:28:39 IST" duration-ms="217" status="PASS">
          <reporter-output>
          </reporter-output>
        </test-method> <!-- teardown -->
        <test-method is-config="true" signature="setUp()[pri:0, instance:com.community.tests.LoginTest@c333c60]" started-at="2022-11-23T12:28:39 IST" name="setUp" finished-at="2022-11-23T12:28:53 IST" duration-ms="13661" status="PASS">
          <reporter-output>
          </reporter-output>
        </test-method> <!-- setUp -->
        <test-method signature="login1()[pri:0, instance:com.community.tests.LoginTest@c333c60]" started-at="2022-11-23T12:28:53 IST" name="login1" finished-at="2022-11-23T12:28:53 IST" duration-ms="490" status="PASS">
          <reporter-output>
          </reporter-output>
        </test-method> <!-- login1 -->
        <test-method is-config="true" signature="teardown()[pri:0, instance:com.community.tests.LoginTest@c333c60]" started-at="2022-11-23T12:28:53 IST" name="teardown" finished-at="2022-11-23T12:28:54 IST" duration-ms="348" status="PASS">
          <reporter-output>
          </reporter-output>
        </test-method> <!-- teardown -->
      </class> <!-- com.community.tests.LoginTest -->
    </test> <!-- Default test -->
  </suite> <!-- Default suite -->
</testng-results>
